2024-02-03T13:41:36.988+05:30  INFO 6832 --- [restartedMain] c.BrainWorks.Logging.LoggingApplication  : Starting LoggingApplication using Java 21.0.1 with PID 6832 (F:\JRTP Project\Logging\target\classes started by Akshay in F:\JRTP Project\Logging)
2024-02-03T13:41:36.996+05:30  INFO 6832 --- [restartedMain] c.BrainWorks.Logging.LoggingApplication  : No active profile set, falling back to 1 default profile: "default"
2024-02-03T13:41:37.172+05:30  INFO 6832 --- [restartedMain] .e.DevToolsPropertyDefaultsPostProcessor : Devtools property defaults active! Set 'spring.devtools.add-properties' to 'false' to disable
2024-02-03T13:41:37.173+05:30  INFO 6832 --- [restartedMain] .e.DevToolsPropertyDefaultsPostProcessor : For additional web related logging consider setting the 'logging.level.web' property to 'DEBUG'
2024-02-03T13:41:40.605+05:30  INFO 6832 --- [restartedMain] o.s.b.w.embedded.tomcat.TomcatWebServer  : Tomcat initialized with port 8080 (http)
2024-02-03T13:41:40.638+05:30  INFO 6832 --- [restartedMain] o.apache.catalina.core.StandardService   : Starting service [Tomcat]
2024-02-03T13:41:40.639+05:30  INFO 6832 --- [restartedMain] o.apache.catalina.core.StandardEngine    : Starting Servlet engine: [Apache Tomcat/10.1.18]
2024-02-03T13:41:40.775+05:30  INFO 6832 --- [restartedMain] o.a.c.c.C.[Tomcat].[localhost].[/]       : Initializing Spring embedded WebApplicationContext
2024-02-03T13:41:40.776+05:30  INFO 6832 --- [restartedMain] w.s.c.ServletWebServerApplicationContext : Root WebApplicationContext: initialization completed in 3600 ms
2024-02-03T13:41:41.605+05:30  INFO 6832 --- [restartedMain] o.s.b.d.a.OptionalLiveReloadServer       : LiveReload server is running on port 35729
2024-02-03T13:41:41.688+05:30  INFO 6832 --- [restartedMain] o.s.b.w.embedded.tomcat.TomcatWebServer  : Tomcat started on port 8080 (http) with context path ''
2024-02-03T13:41:41.712+05:30  INFO 6832 --- [restartedMain] c.BrainWorks.Logging.LoggingApplication  : Started LoggingApplication in 5.791 seconds (process running for 7.295)
2024-02-03T13:42:33.072+05:30  INFO 6832 --- [http-nio-8080-exec-1] o.a.c.c.C.[Tomcat].[localhost].[/]       : Initializing Spring DispatcherServlet 'dispatcherServlet'
2024-02-03T13:42:33.073+05:30  INFO 6832 --- [http-nio-8080-exec-1] o.s.web.servlet.DispatcherServlet        : Initializing Servlet 'dispatcherServlet'
2024-02-03T13:42:33.077+05:30  INFO 6832 --- [http-nio-8080-exec-1] o.s.web.servlet.DispatcherServlet        : Completed initialization in 4 ms
2024-02-03T13:42:33.162+05:30  INFO 6832 --- [http-nio-8080-exec-1] c.B.L.controller.WelcomeController       : Debugging is start
2024-02-03T13:42:33.163+05:30  INFO 6832 --- [http-nio-8080-exec-1] c.B.L.controller.WelcomeController       : Debugging is End
2024-02-03T13:53:07.103+05:30  INFO 15324 --- [restartedMain] c.BrainWorks.Logging.LoggingApplication  : Starting LoggingApplication using Java 21.0.1 with PID 15324 (F:\JRTP Project\Logging\target\classes started by Akshay in F:\JRTP Project\Logging)
2024-02-03T13:53:07.108+05:30  INFO 15324 --- [restartedMain] c.BrainWorks.Logging.LoggingApplication  : No active profile set, falling back to 1 default profile: "default"
2024-02-03T13:53:07.286+05:30  INFO 15324 --- [restartedMain] .e.DevToolsPropertyDefaultsPostProcessor : Devtools property defaults active! Set 'spring.devtools.add-properties' to 'false' to disable
2024-02-03T13:53:07.286+05:30  INFO 15324 --- [restartedMain] .e.DevToolsPropertyDefaultsPostProcessor : For additional web related logging consider setting the 'logging.level.web' property to 'DEBUG'
2024-02-03T13:53:10.670+05:30  INFO 15324 --- [restartedMain] o.s.b.w.embedded.tomcat.TomcatWebServer  : Tomcat initialized with port 8080 (http)
2024-02-03T13:53:10.709+05:30  INFO 15324 --- [restartedMain] o.apache.catalina.core.StandardService   : Starting service [Tomcat]
2024-02-03T13:53:10.710+05:30  INFO 15324 --- [restartedMain] o.apache.catalina.core.StandardEngine    : Starting Servlet engine: [Apache Tomcat/10.1.18]
2024-02-03T13:53:10.826+05:30  INFO 15324 --- [restartedMain] o.a.c.c.C.[Tomcat].[localhost].[/]       : Initializing Spring embedded WebApplicationContext
2024-02-03T13:53:10.827+05:30  INFO 15324 --- [restartedMain] w.s.c.ServletWebServerApplicationContext : Root WebApplicationContext: initialization completed in 3538 ms
2024-02-03T13:53:12.057+05:30  INFO 15324 --- [restartedMain] o.s.b.d.a.OptionalLiveReloadServer       : LiveReload server is running on port 35729
2024-02-03T13:53:12.136+05:30  INFO 15324 --- [restartedMain] o.s.b.w.embedded.tomcat.TomcatWebServer  : Tomcat started on port 8080 (http) with context path ''
2024-02-03T13:53:12.159+05:30  INFO 15324 --- [restartedMain] c.BrainWorks.Logging.LoggingApplication  : Started LoggingApplication in 6.088 seconds (process running for 7.309)
2024-02-03T13:53:14.247+05:30  INFO 15324 --- [http-nio-8080-exec-1] o.a.c.c.C.[Tomcat].[localhost].[/]       : Initializing Spring DispatcherServlet 'dispatcherServlet'
2024-02-03T13:53:14.249+05:30  INFO 15324 --- [http-nio-8080-exec-1] o.s.web.servlet.DispatcherServlet        : Initializing Servlet 'dispatcherServlet'
2024-02-03T13:53:14.250+05:30  INFO 15324 --- [http-nio-8080-exec-1] o.s.web.servlet.DispatcherServlet        : Completed initialization in 1 ms
2024-02-03T13:53:14.314+05:30  INFO 15324 --- [http-nio-8080-exec-1] c.B.L.controller.WelcomeController       : Debugging is start
2024-02-03T13:53:14.315+05:30 ERROR 15324 --- [http-nio-8080-exec-1] c.B.L.controller.WelcomeController       : error / by zero
2024-02-03T13:53:14.315+05:30  INFO 15324 --- [http-nio-8080-exec-1] c.B.L.controller.WelcomeController       : Debugging is End
